Using pre-set license
Built from '2020.3/staging' branch; Version is '2020.3.20f1 (41c4e627c95f) revision 4310246'; Using compiler version '192528614'; Build Type 'Release'
OS: 'Windows 10 Home; OS build 19042.1288; Version 2009; 64bit' Language: 'pt' Physical Memory: 8123 MB
BatchMode: 1, IsHumanControllingUs: 0, StartBugReporterOnCrash: 0, Is64bit: 1, IsPro: 0

COMMAND LINE ARGUMENTS:
C:\Program Files\Unity\Hub\Editor\2020.3.20f1\Editor\Unity.exe
-adb2
-batchMode
-noUpm
-name
AssetImportWorker0
-projectPath
C:/Unity/JooJ/GamsoMulti
-logFile
Logs/AssetImportWorker0.log
-srvPort
60695
Successfully changed project path to: C:/Unity/JooJ/GamsoMulti
C:/Unity/JooJ/GamsoMulti
Using Asset Import Pipeline V2.
Refreshing native plugins compatible for Editor in 45.27 ms, found 3 plugins.
Preloading 0 native plugins for Editor in 0.00 ms.
Initialize engine version: 2020.3.20f1 (41c4e627c95f)
[Subsystems] Discovering subsystems at path C:/Program Files/Unity/Hub/Editor/2020.3.20f1/Editor/Data/Resources/UnitySubsystems
[Subsystems] Discovering subsystems at path C:/Unity/JooJ/GamsoMulti/Assets
GfxDevice: creating device client; threaded=0
Direct3D:
    Version:  Direct3D 11.0 [level 11.1]
    Renderer: NVIDIA GeForce GTX 1650 (ID=0x1f0a)
    Vendor:   
    VRAM:     3961 MB
    Driver:   27.21.14.5671
Initialize mono
Mono path[0] = 'C:/Program Files/Unity/Hub/Editor/2020.3.20f1/Editor/Data/Managed'
Mono path[1] = 'C:/Program Files/Unity/Hub/Editor/2020.3.20f1/Editor/Data/MonoBleedingEdge/lib/mono/unityjit'
Mono config path = 'C:/Program Files/Unity/Hub/Editor/2020.3.20f1/Editor/Data/MonoBleedingEdge/etc'
Using monoOptions --debugger-agent=transport=dt_socket,embedding=1,server=y,suspend=n,address=127.0.0.1:56216
Begin MonoManager ReloadAssembly
Registering precompiled unity dll's ...
Register platform support module: C:/Program Files/Unity/Hub/Editor/2020.3.20f1/Editor/Data/PlaybackEngines/WebGLSupport/UnityEditor.WebGL.Extensions.dll
Register platform support module: C:/Program Files/Unity/Hub/Editor/2020.3.20f1/Editor/Data/PlaybackEngines/WindowsStandaloneSupport/UnityEditor.WindowsStandalone.Extensions.dll
Registered in 0.002315 seconds.
Native extension for WindowsStandalone target not found
Native extension for WebGL target not found
Refreshing native plugins compatible for Editor in 43.28 ms, found 3 plugins.
Preloading 0 native plugins for Editor in 0.00 ms.
Mono: successfully reloaded assembly
- Completed reload, in  2.055 seconds
Domain Reload Profiling:
	ReloadAssembly (2056ms)
		BeginReloadAssembly (61ms)
			ExecutionOrderSort (0ms)
			DisableScriptedObjects (0ms)
			BackupInstance (0ms)
			ReleaseScriptingObjects (0ms)
			CreateAndSetChildDomain (1ms)
		EndReloadAssembly (403ms)
			LoadAssemblies (59ms)
			RebuildTransferFunctionScriptingTraits (0ms)
			SetupTypeCache (148ms)
			ReleaseScriptCaches (0ms)
			RebuildScriptCaches (28ms)
			SetupLoadedEditorAssemblies (159ms)
				LogAssemblyErrors (0ms)
				InitializePlatformSupportModulesInManaged (5ms)
				SetLoadedEditorAssemblies (0ms)
				RefreshPlugins (43ms)
				BeforeProcessingInitializeOnLoad (15ms)
				ProcessInitializeOnLoadAttributes (70ms)
				ProcessInitializeOnLoadMethodAttributes (25ms)
				AfterProcessingInitializeOnLoad (0ms)
				EditorAssembliesLoaded (0ms)
			ExecutionOrderSort2 (0ms)
			AwakeInstancesAfterBackupRestoration (0ms)
Platform modules already initialized, skipping
Registering precompiled user dll's ...
Registered in 0.003015 seconds.
Begin MonoManager ReloadAssembly
Native extension for WindowsStandalone target not found
Native extension for WebGL target not found
Refreshing native plugins compatible for Editor in 40.60 ms, found 3 plugins.
Preloading 0 native plugins for Editor in 0.00 ms.
Mono: successfully reloaded assembly
- Completed reload, in  1.234 seconds
Domain Reload Profiling:
	ReloadAssembly (1235ms)
		BeginReloadAssembly (131ms)
			ExecutionOrderSort (0ms)
			DisableScriptedObjects (4ms)
			BackupInstance (0ms)
			ReleaseScriptingObjects (0ms)
			CreateAndSetChildDomain (20ms)
		EndReloadAssembly (1044ms)
			LoadAssemblies (82ms)
			RebuildTransferFunctionScriptingTraits (0ms)
			SetupTypeCache (264ms)
			ReleaseScriptCaches (1ms)
			RebuildScriptCaches (45ms)
			SetupLoadedEditorAssemblies (456ms)
				LogAssemblyErrors (0ms)
				InitializePlatformSupportModulesInManaged (5ms)
				SetLoadedEditorAssemblies (0ms)
				RefreshPlugins (41ms)
				BeforeProcessingInitializeOnLoad (74ms)
				ProcessInitializeOnLoadAttributes (317ms)
				ProcessInitializeOnLoadMethodAttributes (13ms)
				AfterProcessingInitializeOnLoad (7ms)
				EditorAssembliesLoaded (0ms)
			ExecutionOrderSort2 (0ms)
			AwakeInstancesAfterBackupRestoration (6ms)
Platform modules already initialized, skipping
========================================================================
Worker process is ready to serve import requests
Launched and connected shader compiler UnityShaderCompiler.exe after 3.48 seconds
Refreshing native plugins compatible for Editor in 0.56 ms, found 3 plugins.
Preloading 0 native plugins for Editor in 0.00 ms.
Unloading 2144 Unused Serialized files (Serialized files now loaded: 0)
System memory in use before: 96.4 MB.
System memory in use after: 96.5 MB.

Unloading 26 unused Assets to reduce memory usage. Loaded Objects now: 2584.
Total: 3.405000 ms (FindLiveObjects: 0.272600 ms CreateObjectMapping: 0.050700 ms MarkObjects: 2.998100 ms  DeleteObjects: 0.082100 ms)

AssetImportParameters requested are different than current active one (requested -> active):
  custom:framework-win-MediaFoundation: 216162199b28c13a410421893ffa2e32 -> 
  custom:video-decoder-ogg-theora: a1e56fd34408186e4bbccfd4996cb3dc -> 
  custom:container-muxer-webm: aa71ff27fc2769a1b78a27578f13a17b -> 
  custom:container-demuxer-webm: 4f35f7cbe854078d1ac9338744f61a02 -> 
  custom:container-demuxer-ogg: 62fdf1f143b41e24485cea50d1cbac27 -> 
  custom:video-encoder-webm-vp8: eb34c28f22e8b96e1ab97ce403110664 -> 
  custom:video-decoder-webm-vp8: 9c59270c3fd7afecdb556c50c9e8de78 -> 
  custom:audio-decoder-ogg-vorbis: bf7c407c2cedff20999df2af8eb42d56 -> 
  custom:audio-encoder-webm-vorbis: bf7c407c2cedff20999df2af8eb42d56 -> 
========================================================================
Received Import Request.
  path: Assets/Sprites/gamso_sprite.psd
  artifactKey: Guid(84418eddfa07ec84dbf249d5a418a61b) Importer(815301076,1909f56bfc062723c751e8b465ee728b)
Start importing Assets/Sprites/gamso_sprite.psd using Guid(84418eddfa07ec84dbf249d5a418a61b) Importer(815301076,1909f56bfc062723c751e8b465ee728b)  -> (artifact id: '55aa218b83010eda9301e749a7452117') in 1.142296 seconds 
  Import took 1.211510 seconds .

========================================================================
Received Import Request.
  Time since last request: 565.796997 seconds.
  path: Assets/Sprites/GAMSO_PNG.psd
  artifactKey: Guid(8281ae24eea472443aeabe109d7a3564) Importer(815301076,1909f56bfc062723c751e8b465ee728b)
Start importing Assets/Sprites/GAMSO_PNG.psd using Guid(8281ae24eea472443aeabe109d7a3564) Importer(815301076,1909f56bfc062723c751e8b465ee728b)  -> (artifact id: '277cd81fa9887205e85bfda51973cd74') in 0.071157 seconds 
  Import took 0.105146 seconds .

========================================================================
Received Import Request.
  Time since last request: 0.000200 seconds.
  path: Assets/Sprites/Pacto.png
  artifactKey: Guid(47c52eebe83a18a4bb310264ee0c1bed) Importer(815301076,1909f56bfc062723c751e8b465ee728b)
Start importing Assets/Sprites/Pacto.png using Guid(47c52eebe83a18a4bb310264ee0c1bed) Importer(815301076,1909f56bfc062723c751e8b465ee728b)  -> (artifact id: 'e6cc13f014010bb9b0692daa30c80df3') in 0.249880 seconds 
  Import took 0.269703 seconds .

========================================================================
Received Import Request.
  Time since last request: 23.559155 seconds.
  path: Assets/Sprites/GAMSO_PNG.psd
  artifactKey: Guid(8281ae24eea472443aeabe109d7a3564) Importer(815301076,1909f56bfc062723c751e8b465ee728b)
Start importing Assets/Sprites/GAMSO_PNG.psd using Guid(8281ae24eea472443aeabe109d7a3564) Importer(815301076,1909f56bfc062723c751e8b465ee728b)  -> (artifact id: '914401f357da16bb8f58e6d1ae34ab69') in 0.071360 seconds 
  Import took 0.158662 seconds .

========================================================================
Received Import Request.
  Time since last request: 65.420173 seconds.
  path: Assets/Sprites/GAMSO_PNG.psd
  artifactKey: Guid(8281ae24eea472443aeabe109d7a3564) Importer(815301076,1909f56bfc062723c751e8b465ee728b)
Start importing Assets/Sprites/GAMSO_PNG.psd using Guid(8281ae24eea472443aeabe109d7a3564) Importer(815301076,1909f56bfc062723c751e8b465ee728b)  -> (artifact id: '20a7d12af0e724b28400ced7e06a21ed') in 0.062206 seconds 
  Import took 0.153291 seconds .

========================================================================
Received Import Request.
  Time since last request: 102.645641 seconds.
  path: Assets/Sprites/GAMSO_PNG.psd
  artifactKey: Guid(8281ae24eea472443aeabe109d7a3564) Importer(815301076,1909f56bfc062723c751e8b465ee728b)
Start importing Assets/Sprites/GAMSO_PNG.psd using Guid(8281ae24eea472443aeabe109d7a3564) Importer(815301076,1909f56bfc062723c751e8b465ee728b)  -> (artifact id: 'a23d00dd75532ba790d5c40bba2e7fb6') in 0.062824 seconds 
  Import took 0.087123 seconds .

========================================================================
Received Import Request.
  Time since last request: 26.420054 seconds.
  path: Assets/Sprites/GAMSO_PNG.psd
  artifactKey: Guid(8281ae24eea472443aeabe109d7a3564) Importer(815301076,1909f56bfc062723c751e8b465ee728b)
Start importing Assets/Sprites/GAMSO_PNG.psd using Guid(8281ae24eea472443aeabe109d7a3564) Importer(815301076,1909f56bfc062723c751e8b465ee728b)  -> (artifact id: '98f28ffc96459c37d530d6435be135b5') in 0.040141 seconds 
  Import took 0.054833 seconds .

========================================================================
Received Import Request.
  Time since last request: 31.311087 seconds.
  path: Assets/Sprites/GAMSO_PNG.psd
  artifactKey: Guid(8281ae24eea472443aeabe109d7a3564) Importer(815301076,1909f56bfc062723c751e8b465ee728b)
Start importing Assets/Sprites/GAMSO_PNG.psd using Guid(8281ae24eea472443aeabe109d7a3564) Importer(815301076,1909f56bfc062723c751e8b465ee728b)  -> (artifact id: 'fc4a34f61c9f99a8ed868d6f1ed9f8c7') in 0.051970 seconds 
  Import took 0.072925 seconds .

========================================================================
Received Import Request.
  Time since last request: 8.407643 seconds.
  path: Assets/Sprites/Pacto.png
  artifactKey: Guid(47c52eebe83a18a4bb310264ee0c1bed) Importer(815301076,1909f56bfc062723c751e8b465ee728b)
Start importing Assets/Sprites/Pacto.png using Guid(47c52eebe83a18a4bb310264ee0c1bed) Importer(815301076,1909f56bfc062723c751e8b465ee728b)  -> (artifact id: '387e7f6a4e83622ff0614a72d7839319') in 0.112324 seconds 
  Import took 0.133860 seconds .

========================================================================
Received Import Request.
  Time since last request: 91.113947 seconds.
  path: Assets/Sprites/Pacto.png
  artifactKey: Guid(47c52eebe83a18a4bb310264ee0c1bed) Importer(815301076,1909f56bfc062723c751e8b465ee728b)
Start importing Assets/Sprites/Pacto.png using Guid(47c52eebe83a18a4bb310264ee0c1bed) Importer(815301076,1909f56bfc062723c751e8b465ee728b)  -> (artifact id: '3f1dfc37d748253dae633d6df4b976fd') in 0.059851 seconds 
  Import took 0.086347 seconds .

========================================================================
Received Import Request.
  Time since last request: 18.276357 seconds.
  path: Assets/Sprites/GAMSO_PNG.psd
  artifactKey: Guid(8281ae24eea472443aeabe109d7a3564) Importer(815301076,1909f56bfc062723c751e8b465ee728b)
Start importing Assets/Sprites/GAMSO_PNG.psd using Guid(8281ae24eea472443aeabe109d7a3564) Importer(815301076,1909f56bfc062723c751e8b465ee728b)  -> (artifact id: '2389b3a58073941cb0004df764423f5c') in 0.081162 seconds 
  Import took 0.104221 seconds .

========================================================================
Received Prepare
Registering precompiled user dll's ...
Registered in 0.080418 seconds.
Begin MonoManager ReloadAssembly
Native extension for WindowsStandalone target not found
Native extension for WebGL target not found
Refreshing native plugins compatible for Editor in 0.54 ms, found 3 plugins.
Preloading 0 native plugins for Editor in 0.00 ms.
Mono: successfully reloaded assembly
- Completed reload, in  0.946 seconds
Domain Reload Profiling:
	ReloadAssembly (947ms)
		BeginReloadAssembly (129ms)
			ExecutionOrderSort (0ms)
			DisableScriptedObjects (6ms)
			BackupInstance (0ms)
			ReleaseScriptingObjects (0ms)
			CreateAndSetChildDomain (40ms)
		EndReloadAssembly (755ms)
			LoadAssemblies (85ms)
			RebuildTransferFunctionScriptingTraits (0ms)
			SetupTypeCache (261ms)
			ReleaseScriptCaches (1ms)
			RebuildScriptCaches (38ms)
			SetupLoadedEditorAssemblies (274ms)
				LogAssemblyErrors (0ms)
				InitializePlatformSupportModulesInManaged (5ms)
				SetLoadedEditorAssemblies (0ms)
				RefreshPlugins (1ms)
				BeforeProcessingInitializeOnLoad (72ms)
				ProcessInitializeOnLoadAttributes (182ms)
				ProcessInitializeOnLoadMethodAttributes (6ms)
				AfterProcessingInitializeOnLoad (8ms)
				EditorAssembliesLoaded (0ms)
			ExecutionOrderSort2 (0ms)
			AwakeInstancesAfterBackupRestoration (11ms)
Platform modules already initialized, skipping
Refreshing native plugins compatible for Editor in 0.52 ms, found 3 plugins.
Preloading 0 native plugins for Editor in 0.00 ms.
Unloading 2121 Unused Serialized files (Serialized files now loaded: 0)
System memory in use before: 97.5 MB.
System memory in use after: 97.6 MB.

Unloading 14 unused Assets to reduce memory usage. Loaded Objects now: 2617.
Total: 2.991900 ms (FindLiveObjects: 0.226500 ms CreateObjectMapping: 0.053800 ms MarkObjects: 2.696000 ms  DeleteObjects: 0.014400 ms)

AssetImportParameters requested are different than current active one (requested -> active):
  custom:framework-win-MediaFoundation: 216162199b28c13a410421893ffa2e32 -> 
  custom:video-decoder-ogg-theora: a1e56fd34408186e4bbccfd4996cb3dc -> 
  custom:container-muxer-webm: aa71ff27fc2769a1b78a27578f13a17b -> 
  custom:container-demuxer-webm: 4f35f7cbe854078d1ac9338744f61a02 -> 
  custom:container-demuxer-ogg: 62fdf1f143b41e24485cea50d1cbac27 -> 
  custom:video-encoder-webm-vp8: eb34c28f22e8b96e1ab97ce403110664 -> 
  custom:video-decoder-webm-vp8: 9c59270c3fd7afecdb556c50c9e8de78 -> 
  custom:audio-decoder-ogg-vorbis: bf7c407c2cedff20999df2af8eb42d56 -> 
  custom:audio-encoder-webm-vorbis: bf7c407c2cedff20999df2af8eb42d56 -> 
========================================================================
Received Prepare
Registering precompiled user dll's ...
Registered in 0.002661 seconds.
Begin MonoManager ReloadAssembly
Native extension for WindowsStandalone target not found
Native extension for WebGL target not found
Refreshing native plugins compatible for Editor in 0.94 ms, found 3 plugins.
Preloading 0 native plugins for Editor in 0.00 ms.
Mono: successfully reloaded assembly
- Completed reload, in  1.109 seconds
Domain Reload Profiling:
	ReloadAssembly (1109ms)
		BeginReloadAssembly (117ms)
			ExecutionOrderSort (0ms)
			DisableScriptedObjects (6ms)
			BackupInstance (0ms)
			ReleaseScriptingObjects (0ms)
			CreateAndSetChildDomain (38ms)
		EndReloadAssembly (926ms)
			LoadAssemblies (90ms)
			RebuildTransferFunctionScriptingTraits (0ms)
			SetupTypeCache (291ms)
			ReleaseScriptCaches (1ms)
			RebuildScriptCaches (43ms)
			SetupLoadedEditorAssemblies (401ms)
				LogAssemblyErrors (0ms)
				InitializePlatformSupportModulesInManaged (7ms)
				SetLoadedEditorAssemblies (1ms)
				RefreshPlugins (1ms)
				BeforeProcessingInitializeOnLoad (87ms)
				ProcessInitializeOnLoadAttributes (293ms)
				ProcessInitializeOnLoadMethodAttributes (6ms)
				AfterProcessingInitializeOnLoad (7ms)
				EditorAssembliesLoaded (0ms)
			ExecutionOrderSort2 (0ms)
			AwakeInstancesAfterBackupRestoration (11ms)
Platform modules already initialized, skipping
Refreshing native plugins compatible for Editor in 0.61 ms, found 3 plugins.
Preloading 0 native plugins for Editor in 0.00 ms.
Unloading 2121 Unused Serialized files (Serialized files now loaded: 0)
System memory in use before: 97.5 MB.
System memory in use after: 97.6 MB.

Unloading 14 unused Assets to reduce memory usage. Loaded Objects now: 2620.
Total: 3.359000 ms (FindLiveObjects: 0.256200 ms CreateObjectMapping: 0.049000 ms MarkObjects: 3.036500 ms  DeleteObjects: 0.015900 ms)

AssetImportParameters requested are different than current active one (requested -> active):
  custom:framework-win-MediaFoundation: 216162199b28c13a410421893ffa2e32 -> 
  custom:video-decoder-ogg-theora: a1e56fd34408186e4bbccfd4996cb3dc -> 
  custom:container-muxer-webm: aa71ff27fc2769a1b78a27578f13a17b -> 
  custom:container-demuxer-webm: 4f35f7cbe854078d1ac9338744f61a02 -> 
  custom:container-demuxer-ogg: 62fdf1f143b41e24485cea50d1cbac27 -> 
  custom:video-encoder-webm-vp8: eb34c28f22e8b96e1ab97ce403110664 -> 
  custom:video-decoder-webm-vp8: 9c59270c3fd7afecdb556c50c9e8de78 -> 
  custom:audio-decoder-ogg-vorbis: bf7c407c2cedff20999df2af8eb42d56 -> 
  custom:audio-encoder-webm-vorbis: bf7c407c2cedff20999df2af8eb42d56 -> 
========================================================================
Received Prepare
Registering precompiled user dll's ...
Registered in 0.003413 seconds.
Begin MonoManager ReloadAssembly
Native extension for WindowsStandalone target not found
Native extension for WebGL target not found
Refreshing native plugins compatible for Editor in 0.56 ms, found 3 plugins.
Preloading 0 native plugins for Editor in 0.00 ms.
Mono: successfully reloaded assembly
- Completed reload, in  0.993 seconds
Domain Reload Profiling:
	ReloadAssembly (993ms)
		BeginReloadAssembly (119ms)
			ExecutionOrderSort (0ms)
			DisableScriptedObjects (7ms)
			BackupInstance (0ms)
			ReleaseScriptingObjects (0ms)
			CreateAndSetChildDomain (40ms)
		EndReloadAssembly (806ms)
			LoadAssemblies (94ms)
			RebuildTransferFunctionScriptingTraits (0ms)
			SetupTypeCache (295ms)
			ReleaseScriptCaches (1ms)
			RebuildScriptCaches (43ms)
			SetupLoadedEditorAssemblies (274ms)
				LogAssemblyErrors (0ms)
				InitializePlatformSupportModulesInManaged (8ms)
				SetLoadedEditorAssemblies (1ms)
				RefreshPlugins (1ms)
				BeforeProcessingInitializeOnLoad (78ms)
				ProcessInitializeOnLoadAttributes (174ms)
				ProcessInitializeOnLoadMethodAttributes (5ms)
				AfterProcessingInitializeOnLoad (7ms)
				EditorAssembliesLoaded (0ms)
			ExecutionOrderSort2 (0ms)
			AwakeInstancesAfterBackupRestoration (10ms)
Platform modules already initialized, skipping
Refreshing native plugins compatible for Editor in 0.56 ms, found 3 plugins.
Preloading 0 native plugins for Editor in 0.00 ms.
Unloading 2121 Unused Serialized files (Serialized files now loaded: 0)
System memory in use before: 97.5 MB.
System memory in use after: 97.7 MB.

Unloading 14 unused Assets to reduce memory usage. Loaded Objects now: 2623.
Total: 3.306700 ms (FindLiveObjects: 0.267900 ms CreateObjectMapping: 0.050800 ms MarkObjects: 2.969100 ms  DeleteObjects: 0.017500 ms)

AssetImportParameters requested are different than current active one (requested -> active):
  custom:framework-win-MediaFoundation: 216162199b28c13a410421893ffa2e32 -> 
  custom:video-decoder-ogg-theora: a1e56fd34408186e4bbccfd4996cb3dc -> 
  custom:container-muxer-webm: aa71ff27fc2769a1b78a27578f13a17b -> 
  custom:container-demuxer-webm: 4f35f7cbe854078d1ac9338744f61a02 -> 
  custom:container-demuxer-ogg: 62fdf1f143b41e24485cea50d1cbac27 -> 
  custom:video-encoder-webm-vp8: eb34c28f22e8b96e1ab97ce403110664 -> 
  custom:video-decoder-webm-vp8: 9c59270c3fd7afecdb556c50c9e8de78 -> 
  custom:audio-decoder-ogg-vorbis: bf7c407c2cedff20999df2af8eb42d56 -> 
  custom:audio-encoder-webm-vorbis: bf7c407c2cedff20999df2af8eb42d56 -> 
AssetImportWorkerClient::OnTransportError - code=2 error=End of file
